Analysis & Synthesis report for Final
Fri May 03 17:34:01 2019
Quartus Prime Version 18.0.0 Build 614 04/24/2018 SJ Standard Edition


---------------------
; Table of Contents ;
---------------------
  1. Legal Notice
  2. Analysis & Synthesis Summary
  3. Analysis & Synthesis Settings
  4. Parallel Compilation
  5. Analysis & Synthesis Source Files Read
  6. Analysis & Synthesis Resource Usage Summary
  7. Analysis & Synthesis Resource Utilization by Entity
  8. Analysis & Synthesis DSP Block Usage Summary
  9. Registers Removed During Synthesis
 10. General Register Statistics
 11. Multiplexer Restructuring Statistics (Restructuring Performed)
 12. Parameter Settings for Inferred Entity Instance: ALU:inst|lpm_mult:Mult0
 13. lpm_mult Parameter Settings by Entity Instance
 14. Post-Synthesis Netlist Statistics for Top Partition
 15. Elapsed Time Per Partition
 16. Analysis & Synthesis Messages



----------------
; Legal Notice ;
----------------
Copyright (C) 2018  Intel Corporation. All rights reserved.
Your use of Intel Corporation's design tools, logic functions 
and other software and tools, and its AMPP partner logic 
functions, and any output files from any of the foregoing 
(including device programming or simulation files), and any 
associated documentation or information are expressly subject 
to the terms and conditions of the Intel Program License 
Subscription Agreement, the Intel Quartus Prime License Agreement,
the Intel FPGA IP License Agreement, or other applicable license
agreement, including, without limitation, that your use is for
the sole purpose of programming logic devices manufactured by
Intel and sold by Intel or its authorized distributors.  Please
refer to the applicable agreement for further details.



+--------------------------------------------------------------------------------------+
; Analysis & Synthesis Summary                                                         ;
+------------------------------------+-------------------------------------------------+
; Analysis & Synthesis Status        ; Successful - Fri May 03 17:34:01 2019           ;
; Quartus Prime Version              ; 18.0.0 Build 614 04/24/2018 SJ Standard Edition ;
; Revision Name                      ; Final                                           ;
; Top-level Entity Name              ; Final                                           ;
; Family                             ; Cyclone IV E                                    ;
; Total logic elements               ; 264                                             ;
;     Total combinational functions  ; 239                                             ;
;     Dedicated logic registers      ; 62                                              ;
; Total registers                    ; 62                                              ;
; Total pins                         ; 67                                              ;
; Total virtual pins                 ; 0                                               ;
; Total memory bits                  ; 0                                               ;
; Embedded Multiplier 9-bit elements ; 1                                               ;
; Total PLLs                         ; 0                                               ;
+------------------------------------+-------------------------------------------------+


+------------------------------------------------------------------------------------------------------------+
; Analysis & Synthesis Settings                                                                              ;
+------------------------------------------------------------------+--------------------+--------------------+
; Option                                                           ; Setting            ; Default Value      ;
+------------------------------------------------------------------+--------------------+--------------------+
; Device                                                           ; EP4CE115F29C7      ;                    ;
; Top-level entity name                                            ; Final              ; Final              ;
; Family name                                                      ; Cyclone IV E       ; Cyclone V          ;
; Use smart compilation                                            ; Off                ; Off                ;
; Enable parallel Assembler and Timing Analyzer during compilation ; On                 ; On                 ;
; Enable compact report table                                      ; Off                ; Off                ;
; Restructure Multiplexers                                         ; Auto               ; Auto               ;
; Create Debugging Nodes for IP Cores                              ; Off                ; Off                ;
; Preserve fewer node names                                        ; On                 ; On                 ;
; Intel FPGA IP Evaluation Mode                                    ; Enable             ; Enable             ;
; Verilog Version                                                  ; Verilog_2001       ; Verilog_2001       ;
; VHDL Version                                                     ; VHDL_1993          ; VHDL_1993          ;
; State Machine Processing                                         ; Auto               ; Auto               ;
; Safe State Machine                                               ; Off                ; Off                ;
; Extract Verilog State Machines                                   ; On                 ; On                 ;
; Extract VHDL State Machines                                      ; On                 ; On                 ;
; Ignore Verilog initial constructs                                ; Off                ; Off                ;
; Iteration limit for constant Verilog loops                       ; 5000               ; 5000               ;
; Iteration limit for non-constant Verilog loops                   ; 250                ; 250                ;
; Add Pass-Through Logic to Inferred RAMs                          ; On                 ; On                 ;
; Infer RAMs from Raw Logic                                        ; On                 ; On                 ;
; Parallel Synthesis                                               ; On                 ; On                 ;
; DSP Block Balancing                                              ; Auto               ; Auto               ;
; NOT Gate Push-Back                                               ; On                 ; On                 ;
; Power-Up Don't Care                                              ; On                 ; On                 ;
; Remove Redundant Logic Cells                                     ; Off                ; Off                ;
; Remove Duplicate Registers                                       ; On                 ; On                 ;
; Ignore CARRY Buffers                                             ; Off                ; Off                ;
; Ignore CASCADE Buffers                                           ; Off                ; Off                ;
; Ignore GLOBAL Buffers                                            ; Off                ; Off                ;
; Ignore ROW GLOBAL Buffers                                        ; Off                ; Off                ;
; Ignore LCELL Buffers                                             ; Off                ; Off                ;
; Ignore SOFT Buffers                                              ; On                 ; On                 ;
; Limit AHDL Integers to 32 Bits                                   ; Off                ; Off                ;
; Optimization Technique                                           ; Balanced           ; Balanced           ;
; Carry Chain Length                                               ; 70                 ; 70                 ;
; Auto Carry Chains                                                ; On                 ; On                 ;
; Auto Open-Drain Pins                                             ; On                 ; On                 ;
; Perform WYSIWYG Primitive Resynthesis                            ; Off                ; Off                ;
; Auto ROM Replacement                                             ; On                 ; On                 ;
; Auto RAM Replacement                                             ; On                 ; On                 ;
; Auto DSP Block Replacement                                       ; On                 ; On                 ;
; Auto Shift Register Replacement                                  ; Auto               ; Auto               ;
; Allow Shift Register Merging across Hierarchies                  ; Auto               ; Auto               ;
; Auto Clock Enable Replacement                                    ; On                 ; On                 ;
; Strict RAM Replacement                                           ; Off                ; Off                ;
; Allow Synchronous Control Signals                                ; On                 ; On                 ;
; Force Use of Synchronous Clear Signals                           ; Off                ; Off                ;
; Auto RAM Block Balancing                                         ; On                 ; On                 ;
; Auto RAM to Logic Cell Conversion                                ; Off                ; Off                ;
; Auto Resource Sharing                                            ; Off                ; Off                ;
; Allow Any RAM Size For Recognition                               ; Off                ; Off                ;
; Allow Any ROM Size For Recognition                               ; Off                ; Off                ;
; Allow Any Shift Register Size For Recognition                    ; Off                ; Off                ;
; Use LogicLock Constraints during Resource Balancing              ; On                 ; On                 ;
; Ignore translate_off and synthesis_off directives                ; Off                ; Off                ;
; Timing-Driven Synthesis                                          ; On                 ; On                 ;
; Report Parameter Settings                                        ; On                 ; On                 ;
; Report Source Assignments                                        ; On                 ; On                 ;
; Report Connectivity Checks                                       ; On                 ; On                 ;
; Ignore Maximum Fan-Out Assignments                               ; Off                ; Off                ;
; Synchronization Register Chain Length                            ; 2                  ; 2                  ;
; Power Optimization During Synthesis                              ; Normal compilation ; Normal compilation ;
; HDL message level                                                ; Level2             ; Level2             ;
; Suppress Register Optimization Related Messages                  ; Off                ; Off                ;
; Number of Removed Registers Reported in Synthesis Report         ; 5000               ; 5000               ;
; Number of Swept Nodes Reported in Synthesis Report               ; 5000               ; 5000               ;
; Number of Inverted Registers Reported in Synthesis Report        ; 100                ; 100                ;
; Clock MUX Protection                                             ; On                 ; On                 ;
; Auto Gated Clock Conversion                                      ; Off                ; Off                ;
; Block Design Naming                                              ; Auto               ; Auto               ;
; SDC constraint protection                                        ; Off                ; Off                ;
; Synthesis Effort                                                 ; Auto               ; Auto               ;
; Shift Register Replacement - Allow Asynchronous Clear Signal     ; On                 ; On                 ;
; Pre-Mapping Resynthesis Optimization                             ; Off                ; Off                ;
; Analysis & Synthesis Message Level                               ; Medium             ; Medium             ;
; Disable Register Merging Across Hierarchies                      ; Auto               ; Auto               ;
; Resource Aware Inference For Block RAM                           ; On                 ; On                 ;
+------------------------------------------------------------------+--------------------+--------------------+


+------------------------------------------+
; Parallel Compilation                     ;
+----------------------------+-------------+
; Processors                 ; Number      ;
+----------------------------+-------------+
; Number detected on machine ; 8           ;
; Maximum allowed            ; 4           ;
;                            ;             ;
; Average used               ; 1.00        ;
; Maximum used               ; 4           ;
;                            ;             ;
; Usage by Processor         ; % Time Used ;
;     Processor 1            ; 100.0%      ;
;     Processors 2-4         ;   0.0%      ;
+----------------------------+-------------+


+------------------------------------------------------------------------------------------------------------------------------------------------------------------------------------+
; Analysis & Synthesis Source Files Read                                                                                                                                             ;
+----------------------------------+-----------------+------------------------------------------+--------------------------------------------------------------------------+---------+
; File Name with User-Entered Path ; Used in Netlist ; File Type                                ; File Name with Absolute Path                                             ; Library ;
+----------------------------------+-----------------+------------------------------------------+--------------------------------------------------------------------------+---------+
; 5BIT_Register.bdf                ; yes             ; User Block Diagram/Schematic File        ; U:/CprE281/FinalProject/5BIT_Register.bdf                                ;         ;
; REGISTER_File.bdf                ; yes             ; User Block Diagram/Schematic File        ; U:/CprE281/FinalProject/REGISTER_File.bdf                                ;         ;
; mux4to1_5bit.v                   ; yes             ; User Verilog HDL File                    ; U:/CprE281/FinalProject/mux4to1_5bit.v                                   ;         ;
; Final.bdf                        ; yes             ; User Block Diagram/Schematic File        ; U:/CprE281/FinalProject/Final.bdf                                        ;         ;
; decoder_2_to_4.v                 ; yes             ; User Verilog HDL File                    ; U:/CprE281/FinalProject/decoder_2_to_4.v                                 ;         ;
; seven_seg_decodera.v             ; yes             ; User Verilog HDL File                    ; U:/CprE281/FinalProject/seven_seg_decodera.v                             ;         ;
; bcd_converter.v                  ; yes             ; User Verilog HDL File                    ; U:/CprE281/FinalProject/bcd_converter.v                                  ;         ;
; ALU.v                            ; yes             ; User Verilog HDL File                    ; U:/CprE281/FinalProject/ALU.v                                            ;         ;
; FSM.v                            ; yes             ; User Verilog HDL File                    ; U:/CprE281/FinalProject/FSM.v                                            ;         ;
; mux2to1_5bit.v                   ; yes             ; User Verilog HDL File                    ; U:/CprE281/FinalProject/mux2to1_5bit.v                                   ;         ;
; clock_divider_1024.bdf           ; yes             ; Auto-Found Block Diagram/Schematic File  ; U:/CprE281/FinalProject/clock_divider_1024.bdf                           ;         ;
; lpm_mult.tdf                     ; yes             ; Megafunction                             ; c:/altera/intelfpga/18.0/quartus/libraries/megafunctions/lpm_mult.tdf    ;         ;
; aglobal180.inc                   ; yes             ; Megafunction                             ; c:/altera/intelfpga/18.0/quartus/libraries/megafunctions/aglobal180.inc  ;         ;
; lpm_add_sub.inc                  ; yes             ; Megafunction                             ; c:/altera/intelfpga/18.0/quartus/libraries/megafunctions/lpm_add_sub.inc ;         ;
; multcore.inc                     ; yes             ; Megafunction                             ; c:/altera/intelfpga/18.0/quartus/libraries/megafunctions/multcore.inc    ;         ;
; bypassff.inc                     ; yes             ; Megafunction                             ; c:/altera/intelfpga/18.0/quartus/libraries/megafunctions/bypassff.inc    ;         ;
; altshift.inc                     ; yes             ; Megafunction                             ; c:/altera/intelfpga/18.0/quartus/libraries/megafunctions/altshift.inc    ;         ;
; db/mult_u9t.tdf                  ; yes             ; Auto-Generated Megafunction              ; U:/CprE281/FinalProject/db/mult_u9t.tdf                                  ;         ;
+----------------------------------+-----------------+------------------------------------------+--------------------------------------------------------------------------+---------+


+-----------------------------------------------------------+
; Analysis & Synthesis Resource Usage Summary               ;
+---------------------------------------------+-------------+
; Resource                                    ; Usage       ;
+---------------------------------------------+-------------+
; Estimated Total logic elements              ; 264         ;
;                                             ;             ;
; Total combinational functions               ; 239         ;
; Logic element usage by number of LUT inputs ;             ;
;     -- 4 input functions                    ; 147         ;
;     -- 3 input functions                    ; 54          ;
;     -- <=2 input functions                  ; 38          ;
;                                             ;             ;
; Logic elements by mode                      ;             ;
;     -- normal mode                          ; 234         ;
;     -- arithmetic mode                      ; 5           ;
;                                             ;             ;
; Total registers                             ; 62          ;
;     -- Dedicated logic registers            ; 62          ;
;     -- I/O registers                        ; 0           ;
;                                             ;             ;
; I/O pins                                    ; 67          ;
;                                             ;             ;
; Embedded Multiplier 9-bit elements          ; 1           ;
;                                             ;             ;
; Maximum fan-out node                        ; RESET~input ;
; Maximum fan-out                             ; 47          ;
; Total fan-out                               ; 1130        ;
; Average fan-out                             ; 2.59        ;
+---------------------------------------------+-------------+


+------------------------------------------------------------------------------------------------------------------------------------------------------------------------------------------------------------------------------------------------------------+
; Analysis & Synthesis Resource Utilization by Entity                                                                                                                                                                                                        ;
+------------------------------------+---------------------+---------------------------+-------------+--------------+---------+-----------+------+--------------+--------------------------------------------------------+--------------------+--------------+
; Compilation Hierarchy Node         ; Combinational ALUTs ; Dedicated Logic Registers ; Memory Bits ; DSP Elements ; DSP 9x9 ; DSP 18x18 ; Pins ; Virtual Pins ; Full Hierarchy Name                                    ; Entity Name        ; Library Name ;
+------------------------------------+---------------------+---------------------------+-------------+--------------+---------+-----------+------+--------------+--------------------------------------------------------+--------------------+--------------+
; |Final                             ; 239 (0)             ; 62 (0)                    ; 0           ; 1            ; 1       ; 0         ; 67   ; 0            ; |Final                                                 ; Final              ; work         ;
;    |5BIT_Register:lol|             ; 0 (0)               ; 5 (5)                     ; 0           ; 0            ; 0       ; 0         ; 0    ; 0            ; |Final|5BIT_Register:lol                               ; 5BIT_Register      ; work         ;
;    |ALU:inst|                      ; 11 (11)             ; 0 (0)                     ; 0           ; 1            ; 1       ; 0         ; 0    ; 0            ; |Final|ALU:inst                                        ; ALU                ; work         ;
;       |lpm_mult:Mult0|             ; 0 (0)               ; 0 (0)                     ; 0           ; 1            ; 1       ; 0         ; 0    ; 0            ; |Final|ALU:inst|lpm_mult:Mult0                         ; lpm_mult           ; work         ;
;          |mult_u9t:auto_generated| ; 0 (0)               ; 0 (0)                     ; 0           ; 1            ; 1       ; 0         ; 0    ; 0            ; |Final|ALU:inst|lpm_mult:Mult0|mult_u9t:auto_generated ; mult_u9t           ; work         ;
;    |FSM:inst420|                   ; 113 (113)           ; 17 (17)                   ; 0           ; 0            ; 0       ; 0         ; 0    ; 0            ; |Final|FSM:inst420                                     ; FSM                ; work         ;
;    |REGISTER_File:inst17|          ; 10 (4)              ; 20 (0)                    ; 0           ; 0            ; 0       ; 0         ; 0    ; 0            ; |Final|REGISTER_File:inst17                            ; REGISTER_File      ; work         ;
;       |5BIT_Register:inst1|        ; 0 (0)               ; 5 (5)                     ; 0           ; 0            ; 0       ; 0         ; 0    ; 0            ; |Final|REGISTER_File:inst17|5BIT_Register:inst1        ; 5BIT_Register      ; work         ;
;       |5BIT_Register:inst2|        ; 0 (0)               ; 5 (5)                     ; 0           ; 0            ; 0       ; 0         ; 0    ; 0            ; |Final|REGISTER_File:inst17|5BIT_Register:inst2        ; 5BIT_Register      ; work         ;
;       |5BIT_Register:inst3|        ; 0 (0)               ; 5 (5)                     ; 0           ; 0            ; 0       ; 0         ; 0    ; 0            ; |Final|REGISTER_File:inst17|5BIT_Register:inst3        ; 5BIT_Register      ; work         ;
;       |5BIT_Register:inst|         ; 0 (0)               ; 5 (5)                     ; 0           ; 0            ; 0       ; 0         ; 0    ; 0            ; |Final|REGISTER_File:inst17|5BIT_Register:inst         ; 5BIT_Register      ; work         ;
;       |mux4to1_5bit:inst11|        ; 6 (6)               ; 0 (0)                     ; 0           ; 0            ; 0       ; 0         ; 0    ; 0            ; |Final|REGISTER_File:inst17|mux4to1_5bit:inst11        ; mux4to1_5bit       ; work         ;
;    |bcd_converter:inst13|          ; 5 (5)               ; 0 (0)                     ; 0           ; 0            ; 0       ; 0         ; 0    ; 0            ; |Final|bcd_converter:inst13                            ; bcd_converter      ; work         ;
;    |bcd_converter:inst14|          ; 5 (5)               ; 0 (0)                     ; 0           ; 0            ; 0       ; 0         ; 0    ; 0            ; |Final|bcd_converter:inst14                            ; bcd_converter      ; work         ;
;    |bcd_converter:inst15|          ; 5 (5)               ; 0 (0)                     ; 0           ; 0            ; 0       ; 0         ; 0    ; 0            ; |Final|bcd_converter:inst15                            ; bcd_converter      ; work         ;
;    |bcd_converter:inst16|          ; 5 (5)               ; 0 (0)                     ; 0           ; 0            ; 0       ; 0         ; 0    ; 0            ; |Final|bcd_converter:inst16                            ; bcd_converter      ; work         ;
;    |clock_divider_1024:inst1231|   ; 13 (13)             ; 10 (10)                   ; 0           ; 0            ; 0       ; 0         ; 0    ; 0            ; |Final|clock_divider_1024:inst1231                     ; clock_divider_1024 ; work         ;
;    |clock_divider_1024:inst423423| ; 13 (13)             ; 10 (10)                   ; 0           ; 0            ; 0       ; 0         ; 0    ; 0            ; |Final|clock_divider_1024:inst423423                   ; clock_divider_1024 ; work         ;
;    |mux2to1_5bit:lift|             ; 11 (11)             ; 0 (0)                     ; 0           ; 0            ; 0       ; 0         ; 0    ; 0            ; |Final|mux2to1_5bit:lift                               ; mux2to1_5bit       ; work         ;
;    |seven_seg_decodera:inst10|     ; 9 (9)               ; 0 (0)                     ; 0           ; 0            ; 0       ; 0         ; 0    ; 0            ; |Final|seven_seg_decodera:inst10                       ; seven_seg_decodera ; work         ;
;    |seven_seg_decodera:inst11|     ; 3 (3)               ; 0 (0)                     ; 0           ; 0            ; 0       ; 0         ; 0    ; 0            ; |Final|seven_seg_decodera:inst11                       ; seven_seg_decodera ; work         ;
;    |seven_seg_decodera:inst12|     ; 9 (9)               ; 0 (0)                     ; 0           ; 0            ; 0       ; 0         ; 0    ; 0            ; |Final|seven_seg_decodera:inst12                       ; seven_seg_decodera ; work         ;
;    |seven_seg_decodera:inst2|      ; 9 (9)               ; 0 (0)                     ; 0           ; 0            ; 0       ; 0         ; 0    ; 0            ; |Final|seven_seg_decodera:inst2                        ; seven_seg_decodera ; work         ;
;    |seven_seg_decodera:inst5|      ; 3 (3)               ; 0 (0)                     ; 0           ; 0            ; 0       ; 0         ; 0    ; 0            ; |Final|seven_seg_decodera:inst5                        ; seven_seg_decodera ; work         ;
;    |seven_seg_decodera:inst6|      ; 3 (3)               ; 0 (0)                     ; 0           ; 0            ; 0       ; 0         ; 0    ; 0            ; |Final|seven_seg_decodera:inst6                        ; seven_seg_decodera ; work         ;
;    |seven_seg_decodera:inst7|      ; 9 (9)               ; 0 (0)                     ; 0           ; 0            ; 0       ; 0         ; 0    ; 0            ; |Final|seven_seg_decodera:inst7                        ; seven_seg_decodera ; work         ;
;    |seven_seg_decodera:inst9|      ; 3 (3)               ; 0 (0)                     ; 0           ; 0            ; 0       ; 0         ; 0    ; 0            ; |Final|seven_seg_decodera:inst9                        ; seven_seg_decodera ; work         ;
+------------------------------------+---------------------+---------------------------+-------------+--------------+---------+-----------+------+--------------+--------------------------------------------------------+--------------------+--------------+
Note: For table entries with two numbers listed, the numbers in parentheses indicate the number of resources of the given type used by the specific entity alone. The numbers listed outside of parentheses indicate the total resources of the given type used by the specific entity and all of its sub-entities in the hierarchy.


+-----------------------------------------------------+
; Analysis & Synthesis DSP Block Usage Summary        ;
+---------------------------------------+-------------+
; Statistic                             ; Number Used ;
+---------------------------------------+-------------+
; Simple Multipliers (9-bit)            ; 1           ;
; Simple Multipliers (18-bit)           ; 0           ;
; Embedded Multiplier Blocks            ; --          ;
; Embedded Multiplier 9-bit elements    ; 1           ;
; Signed Embedded Multipliers           ; 0           ;
; Unsigned Embedded Multipliers         ; 1           ;
; Mixed Sign Embedded Multipliers       ; 0           ;
; Variable Sign Embedded Multipliers    ; 0           ;
; Dedicated Input Shift Register Chains ; 0           ;
+---------------------------------------+-------------+
Note: number of Embedded Multiplier Blocks used is only available after a successful fit.


+--------------------------------------------------------------------------------+
; Registers Removed During Synthesis                                             ;
+---------------------------------------+----------------------------------------+
; Register name                         ; Reason for Removal                     ;
+---------------------------------------+----------------------------------------+
; FSM:inst420|STATE[4]                  ; Merged with FSM:inst420|STATE[3]       ;
; FSM:inst420|STATE[3]                  ; Stuck at GND due to stuck port data_in ;
; Total Number of Removed Registers = 2 ;                                        ;
+---------------------------------------+----------------------------------------+


+------------------------------------------------------+
; General Register Statistics                          ;
+----------------------------------------------+-------+
; Statistic                                    ; Value ;
+----------------------------------------------+-------+
; Total registers                              ; 62    ;
; Number of registers using Synchronous Clear  ; 0     ;
; Number of registers using Synchronous Load   ; 9     ;
; Number of registers using Asynchronous Clear ; 25    ;
; Number of registers using Asynchronous Load  ; 0     ;
; Number of registers using Clock Enable       ; 6     ;
; Number of registers using Preset             ; 0     ;
+----------------------------------------------+-------+


+----------------------------------------------------------------------------------------------------------------------------------------------+
; Multiplexer Restructuring Statistics (Restructuring Performed)                                                                               ;
+--------------------+-----------+---------------+----------------------+------------------------+------------+--------------------------------+
; Multiplexer Inputs ; Bus Width ; Baseline Area ; Area if Restructured ; Saving if Restructured ; Registered ; Example Multiplexer Output     ;
+--------------------+-----------+---------------+----------------------+------------------------+------------+--------------------------------+
; 8:1                ; 2 bits    ; 10 LEs        ; 4 LEs                ; 6 LEs                  ; Yes        ; |Final|FSM:inst420|WA[1]       ;
; 7:1                ; 2 bits    ; 8 LEs         ; 2 LEs                ; 6 LEs                  ; Yes        ; |Final|FSM:inst420|RA[1]       ;
; 16:1               ; 2 bits    ; 20 LEs        ; 10 LEs               ; 10 LEs                 ; Yes        ; |Final|FSM:inst420|OUT_DATA[3] ;
+--------------------+-----------+---------------+----------------------+------------------------+------------+--------------------------------+


+-------------------------------------------------------------------------------------+
; Parameter Settings for Inferred Entity Instance: ALU:inst|lpm_mult:Mult0            ;
+------------------------------------------------+--------------+---------------------+
; Parameter Name                                 ; Value        ; Type                ;
+------------------------------------------------+--------------+---------------------+
; AUTO_CARRY_CHAINS                              ; ON           ; AUTO_CARRY          ;
; IGNORE_CARRY_BUFFERS                           ; OFF          ; IGNORE_CARRY        ;
; AUTO_CASCADE_CHAINS                            ; ON           ; AUTO_CASCADE        ;
; IGNORE_CASCADE_BUFFERS                         ; OFF          ; IGNORE_CASCADE      ;
; LPM_WIDTHA                                     ; 5            ; Untyped             ;
; LPM_WIDTHB                                     ; 5            ; Untyped             ;
; LPM_WIDTHP                                     ; 10           ; Untyped             ;
; LPM_WIDTHR                                     ; 10           ; Untyped             ;
; LPM_WIDTHS                                     ; 1            ; Untyped             ;
; LPM_REPRESENTATION                             ; UNSIGNED     ; Untyped             ;
; LPM_PIPELINE                                   ; 0            ; Untyped             ;
; LATENCY                                        ; 0            ; Untyped             ;
; INPUT_A_IS_CONSTANT                            ; NO           ; Untyped             ;
; INPUT_B_IS_CONSTANT                            ; NO           ; Untyped             ;
; USE_EAB                                        ; OFF          ; Untyped             ;
; MAXIMIZE_SPEED                                 ; 5            ; Untyped             ;
; DEVICE_FAMILY                                  ; Cyclone IV E ; Untyped             ;
; CARRY_CHAIN                                    ; MANUAL       ; Untyped             ;
; APEX20K_TECHNOLOGY_MAPPER                      ; LUT          ; TECH_MAPPER_APEX20K ;
; DEDICATED_MULTIPLIER_CIRCUITRY                 ; AUTO         ; Untyped             ;
; DEDICATED_MULTIPLIER_MIN_INPUT_WIDTH_FOR_AUTO  ; 0            ; Untyped             ;
; DEDICATED_MULTIPLIER_MIN_OUTPUT_WIDTH_FOR_AUTO ; 0            ; Untyped             ;
; CBXI_PARAMETER                                 ; mult_u9t     ; Untyped             ;
; INPUT_A_FIXED_VALUE                            ; Bx           ; Untyped             ;
; INPUT_B_FIXED_VALUE                            ; Bx           ; Untyped             ;
; USE_AHDL_IMPLEMENTATION                        ; OFF          ; Untyped             ;
+------------------------------------------------+--------------+---------------------+
Note: In order to hide this table in the UI and the text report file, please set the "Show Parameter Settings in Synthesis Report" option in "Analysis and Synthesis Settings -> More Settings" to "Off".


+-----------------------------------------------------------------+
; lpm_mult Parameter Settings by Entity Instance                  ;
+---------------------------------------+-------------------------+
; Name                                  ; Value                   ;
+---------------------------------------+-------------------------+
; Number of entity instances            ; 1                       ;
; Entity Instance                       ; ALU:inst|lpm_mult:Mult0 ;
;     -- LPM_WIDTHA                     ; 5                       ;
;     -- LPM_WIDTHB                     ; 5                       ;
;     -- LPM_WIDTHP                     ; 10                      ;
;     -- LPM_REPRESENTATION             ; UNSIGNED                ;
;     -- INPUT_A_IS_CONSTANT            ; NO                      ;
;     -- INPUT_B_IS_CONSTANT            ; NO                      ;
;     -- USE_EAB                        ; OFF                     ;
;     -- DEDICATED_MULTIPLIER_CIRCUITRY ; AUTO                    ;
;     -- INPUT_A_FIXED_VALUE            ; Bx                      ;
;     -- INPUT_B_FIXED_VALUE            ; Bx                      ;
+---------------------------------------+-------------------------+


+-----------------------------------------------------+
; Post-Synthesis Netlist Statistics for Top Partition ;
+-----------------------+-----------------------------+
; Type                  ; Count                       ;
+-----------------------+-----------------------------+
; boundary_port         ; 67                          ;
; cycloneiii_ff         ; 62                          ;
;     CLR               ; 25                          ;
;     ENA               ; 6                           ;
;     SLD               ; 9                           ;
;     plain             ; 22                          ;
; cycloneiii_lcell_comb ; 248                         ;
;     arith             ; 5                           ;
;         2 data inputs ; 1                           ;
;         3 data inputs ; 4                           ;
;     normal            ; 243                         ;
;         0 data inputs ; 1                           ;
;         1 data inputs ; 10                          ;
;         2 data inputs ; 35                          ;
;         3 data inputs ; 50                          ;
;         4 data inputs ; 147                         ;
; cycloneiii_mac_mult   ; 1                           ;
; cycloneiii_mac_out    ; 1                           ;
;                       ;                             ;
; Max LUT depth         ; 8.10                        ;
; Average LUT depth     ; 3.81                        ;
+-----------------------+-----------------------------+


+-------------------------------+
; Elapsed Time Per Partition    ;
+----------------+--------------+
; Partition Name ; Elapsed Time ;
+----------------+--------------+
; Top            ; 00:00:01     ;
+----------------+--------------+


+-------------------------------+
; Analysis & Synthesis Messages ;
+-------------------------------+
Info: *******************************************************************
Info: Running Quartus Prime Analysis & Synthesis
    Info: Version 18.0.0 Build 614 04/24/2018 SJ Standard Edition
    Info: Processing started: Fri May 03 17:33:46 2019
Info: Command: quartus_map --read_settings_files=on --write_settings_files=off Final -c Final
Warning (18236): Number of processors has not been specified which may cause overloading on shared machines.  Set the global assignment NUM_PARALLEL_PROCESSORS in your QSF to an appropriate value for best performance.
Info (20030): Parallel compilation is enabled and will use 4 of the 4 processors detected
Info (12021): Found 1 design units, including 1 entities, in source file 5bit_register.bdf
    Info (12023): Found entity 1: 5BIT_Register
Info (12021): Found 1 design units, including 1 entities, in source file register_file.bdf
    Info (12023): Found entity 1: REGISTER_File
Info (12021): Found 1 design units, including 1 entities, in source file mux4to1_5bit.v
    Info (12023): Found entity 1: mux4to1_5bit File: U:/CprE281/FinalProject/mux4to1_5bit.v Line: 1
Info (12021): Found 1 design units, including 1 entities, in source file final.bdf
    Info (12023): Found entity 1: Final
Info (12021): Found 1 design units, including 1 entities, in source file decoder_2_to_4.v
    Info (12023): Found entity 1: DECODER_2_TO_4 File: U:/CprE281/FinalProject/decoder_2_to_4.v Line: 1
Info (12021): Found 1 design units, including 1 entities, in source file seven_seg_decodera.v
    Info (12023): Found entity 1: seven_seg_decodera File: U:/CprE281/FinalProject/seven_seg_decodera.v Line: 1
Info (12021): Found 1 design units, including 1 entities, in source file bcd_converter.v
    Info (12023): Found entity 1: bcd_converter File: U:/CprE281/FinalProject/bcd_converter.v Line: 4
Info (12021): Found 1 design units, including 1 entities, in source file alu.v
    Info (12023): Found entity 1: ALU File: U:/CprE281/FinalProject/ALU.v Line: 1
Info (12021): Found 1 design units, including 1 entities, in source file fsm.v
    Info (12023): Found entity 1: FSM File: U:/CprE281/FinalProject/FSM.v Line: 1
Info (12021): Found 1 design units, including 1 entities, in source file mux2to1_5bit.v
    Info (12023): Found entity 1: mux2to1_5bit File: U:/CprE281/FinalProject/mux2to1_5bit.v Line: 1
Info (12127): Elaborating entity "Final" for the top level hierarchy
Info (12128): Elaborating entity "FSM" for hierarchy "FSM:inst420"
Warning (12125): Using design file clock_divider_1024.bdf, which is not specified as a design file for the current project, but contains definitions for 1 design units and 1 entities in project
    Info (12023): Found entity 1: clock_divider_1024
Info (12128): Elaborating entity "clock_divider_1024" for hierarchy "clock_divider_1024:inst423423"
Info (12128): Elaborating entity "mux2to1_5bit" for hierarchy "mux2to1_5bit:lift"
Warning (10235): Verilog HDL Always Construct warning at mux2to1_5bit.v(10): variable "W0" is read inside the Always Construct but isn't in the Always Construct's Event Control File: U:/CprE281/FinalProject/mux2to1_5bit.v Line: 10
Warning (10235): Verilog HDL Always Construct warning at mux2to1_5bit.v(11): variable "W1" is read inside the Always Construct but isn't in the Always Construct's Event Control File: U:/CprE281/FinalProject/mux2to1_5bit.v Line: 11
Info (12128): Elaborating entity "REGISTER_File" for hierarchy "REGISTER_File:inst17"
Info (12128): Elaborating entity "5BIT_Register" for hierarchy "REGISTER_File:inst17|5BIT_Register:inst"
Info (12128): Elaborating entity "DECODER_2_TO_4" for hierarchy "REGISTER_File:inst17|DECODER_2_TO_4:inst9"
Info (12128): Elaborating entity "mux4to1_5bit" for hierarchy "REGISTER_File:inst17|mux4to1_5bit:inst11"
Warning (10235): Verilog HDL Always Construct warning at mux4to1_5bit.v(14): variable "W0" is read inside the Always Construct but isn't in the Always Construct's Event Control File: U:/CprE281/FinalProject/mux4to1_5bit.v Line: 14
Warning (10235): Verilog HDL Always Construct warning at mux4to1_5bit.v(15): variable "W1" is read inside the Always Construct but isn't in the Always Construct's Event Control File: U:/CprE281/FinalProject/mux4to1_5bit.v Line: 15
Warning (10235): Verilog HDL Always Construct warning at mux4to1_5bit.v(16): variable "W2" is read inside the Always Construct but isn't in the Always Construct's Event Control File: U:/CprE281/FinalProject/mux4to1_5bit.v Line: 16
Warning (10235): Verilog HDL Always Construct warning at mux4to1_5bit.v(17): variable "W3" is read inside the Always Construct but isn't in the Always Construct's Event Control File: U:/CprE281/FinalProject/mux4to1_5bit.v Line: 17
Info (12128): Elaborating entity "ALU" for hierarchy "ALU:inst"
Warning (10230): Verilog HDL assignment warning at ALU.v(15): truncated value with size 32 to match size of target (5) File: U:/CprE281/FinalProject/ALU.v Line: 15
Info (12128): Elaborating entity "seven_seg_decodera" for hierarchy "seven_seg_decodera:inst5"
Info (12128): Elaborating entity "bcd_converter" for hierarchy "bcd_converter:inst13"
Warning (13046): Tri-state node(s) do not directly drive top-level pin(s)
    Warning (13049): Converted tri-state buffer "nine[4]" feeding internal logic into a wire
    Warning (13049): Converted tri-state buffer "nine[3]" feeding internal logic into a wire
    Warning (13049): Converted tri-state buffer "nine[2]" feeding internal logic into a wire
    Warning (13049): Converted tri-state buffer "nine[1]" feeding internal logic into a wire
    Warning (13049): Converted tri-state buffer "nine[0]" feeding internal logic into a wire
    Warning (13049): Converted tri-state buffer "beef[4]" feeding internal logic into a wire
    Warning (13049): Converted tri-state buffer "beef[3]" feeding internal logic into a wire
    Warning (13049): Converted tri-state buffer "beef[2]" feeding internal logic into a wire
    Warning (13049): Converted tri-state buffer "beef[1]" feeding internal logic into a wire
    Warning (13049): Converted tri-state buffer "beef[0]" feeding internal logic into a wire
Info (278001): Inferred 1 megafunctions from design logic
    Info (278003): Inferred multiplier megafunction ("lpm_mult") from the following logic: "ALU:inst|Mult0" File: U:/CprE281/FinalProject/ALU.v Line: 14
Info (12130): Elaborated megafunction instantiation "ALU:inst|lpm_mult:Mult0" File: U:/CprE281/FinalProject/ALU.v Line: 14
Info (12133): Instantiated megafunction "ALU:inst|lpm_mult:Mult0" with the following parameter: File: U:/CprE281/FinalProject/ALU.v Line: 14
    Info (12134): Parameter "LPM_WIDTHA" = "5"
    Info (12134): Parameter "LPM_WIDTHB" = "5"
    Info (12134): Parameter "LPM_WIDTHP" = "10"
    Info (12134): Parameter "LPM_WIDTHR" = "10"
    Info (12134): Parameter "LPM_WIDTHS" = "1"
    Info (12134): Parameter "LPM_REPRESENTATION" = "UNSIGNED"
    Info (12134): Parameter "INPUT_A_IS_CONSTANT" = "NO"
    Info (12134): Parameter "INPUT_B_IS_CONSTANT" = "NO"
    Info (12134): Parameter "MAXIMIZE_SPEED" = "5"
Info (12021): Found 1 design units, including 1 entities, in source file db/mult_u9t.tdf
    Info (12023): Found entity 1: mult_u9t File: U:/CprE281/FinalProject/db/mult_u9t.tdf Line: 28
Warning (13024): Output pins are stuck at VCC or GND
    Warning (13410): Pin "PR0_1[1]" is stuck at GND
    Warning (13410): Pin "PR1_1[1]" is stuck at GND
    Warning (13410): Pin "PR2_1[1]" is stuck at GND
    Warning (13410): Pin "PR3_1[1]" is stuck at GND
Info (286030): Timing-Driven Synthesis is running
Info (16010): Generating hard_block partition "hard_block:auto_generated_inst"
    Info (16011): Adding 0 node(s), including 0 DDIO, 0 PLL, 0 transceiver and 0 LCELL
Info (21057): Implemented 332 device resources after synthesis - the final resource count might be different
    Info (21058): Implemented 8 input pins
    Info (21059): Implemented 59 output pins
    Info (21061): Implemented 264 logic cells
    Info (21062): Implemented 1 DSP elements
Info: Quartus Prime Analysis & Synthesis was successful. 0 errors, 25 warnings
    Info: Peak virtual memory: 669 megabytes
    Info: Processing ended: Fri May 03 17:34:01 2019
    Info: Elapsed time: 00:00:15
    Info: Total CPU time (on all processors): 00:00:29


